2024-11-26_16:41:04 makeRegular obs:output 
2024-11-26_16:41:04 readOutputFile outputFile:../../analysis/crhm-analysis/output/2024-11-26-16-39-29_scl_avg_closed_mixed_vector_based_new_ablation_psp_output.txt Timezone:Etc/GMT+6 
2024-11-26_16:48:11 makeRegular obs:output 
2024-11-26_16:48:11 readOutputFile outputFile:../../analysis/crhm-analysis/output/2024-11-26-16-39-29_scl_avg_closed_mixed_vector_based_new_ablation_psp_output.txt Timezone:Etc/GMT+6 
2024-11-26_16:48:14 makeRegular obs:output 
2024-11-26_16:48:14 readOutputFile outputFile:../../analysis/crhm-analysis/output/2024-11-26-16-39-29_scl_avg_closed_mixed_vector_based_new_ablation_psp_output.txt Timezone:Etc/GMT+6 
2024-11-26_16:58:56 makeRegular obs:output 
2024-11-26_16:58:56 readOutputFile outputFile:../../analysis/crhm-analysis/output/2024-11-26-16-57-02_scl_avg_closed_mixed_vector_based_new_ablation_psp_output.txt Timezone:Etc/GMT+6 
2024-11-26_17:00:21 makeRegular obs:output 
2024-11-26_17:00:21 readOutputFile outputFile:../../analysis/crhm-analysis/output/2024-11-26-16-57-02_scl_avg_closed_mixed_vector_based_new_ablation_psp_output.txt Timezone:Etc/GMT+6 
2024-11-26_17:20:01 makeRegular obs:output 
2024-11-26_17:20:01 readOutputFile outputFile:../../analysis/crhm-analysis/output/2024-11-26-16-57-02_scl_avg_closed_mixed_vector_based_new_ablation_psp_output.txt Timezone:Etc/GMT+6 
2024-11-27_10:30:28 makeRegular obs:output 
2024-11-27_10:30:28 readOutputFile outputFile:../../analysis/crhm-analysis/output/2024-11-27-10-29-11_scl_avg_closed_mixed_vector_based_new_ablation_psp_output.txt Timezone:Etc/GMT+6 
2024-11-27_11:18:20 makeRegular obs:output 
2024-11-27_11:18:20 readOutputFile outputFile:../../analysis/crhm-analysis/output/2024-11-27-10-29-11_scl_avg_closed_mixed_vector_based_new_ablation_psp_output.txt Timezone:Etc/GMT+6 
2024-11-27_11:18:40 makeRegular obs:output 
2024-11-27_11:18:40 readOutputFile outputFile:../../analysis/crhm-analysis/output/2024-11-27-10-29-11_scl_avg_closed_mixed_vector_based_new_ablation_psp_output.txt Timezone:Etc/GMT+6 
2024-11-27_11:18:50 makeRegular obs:output 
2024-11-27_11:18:50 readOutputFile outputFile:../../analysis/crhm-analysis/output/2024-11-27-10-29-11_scl_avg_closed_mixed_vector_based_new_ablation_psp_output.txt Timezone:Etc/GMT+6 
2024-11-27_11:35:12 makeRegular obs:output 
2024-11-27_11:35:12 readOutputFile outputFile:../../analysis/crhm-analysis/output/2024-11-27-11-34-42_scl_avg_closed_mixed_vector_based_new_ablation_psp_output.txt Timezone:Etc/GMT+6 
2024-11-27_11:40:01 makeRegular obs:output 
2024-11-27_11:40:01 readOutputFile outputFile:../../analysis/crhm-analysis/output/2024-11-27-11-34-42_scl_avg_closed_mixed_vector_based_new_ablation_psp_output.txt Timezone:Etc/GMT+6 
2024-11-27_11:52:44 makeRegular obs:output 
2024-11-27_11:52:44 readOutputFile outputFile:../../analysis/crhm-analysis/output/2024-11-27-11-51-36_scl_avg_closed_mixed_vector_based_new_ablation_psp_output.txt Timezone:Etc/GMT+6 
2024-11-27_11:53:58 makeRegular obs:output 
2024-11-27_11:53:58 readOutputFile outputFile:../../analysis/crhm-analysis/output/2024-11-27-11-53-37_scl_avg_closed_mixed_vector_based_new_ablation_psp_output.txt Timezone:Etc/GMT+6 
2024-11-27_12:30:49 makeRegular obs:output 
2024-11-27_12:30:49 readOutputFile outputFile:../../analysis/crhm-analysis/output/2024-11-27-12-29-22_scl_avg_closed_mixed_vector_based_new_ablation_psp_output.txt Timezone:Etc/GMT+6 
2024-11-27_12:41:45 makeRegular obs:output 
2024-11-27_12:41:45 readOutputFile outputFile:../../analysis/crhm-analysis/output/2024-11-27-12-40-55_scl_avg_closed_mixed_vector_based_new_ablation_psp_output.txt Timezone:Etc/GMT+6 
2024-11-27_12:44:59 makeRegular obs:output 
2024-11-27_12:44:59 readOutputFile outputFile:../../analysis/crhm-analysis/output/2024-11-27-12-44-15_scl_avg_closed_mixed_vector_based_new_ablation_psp_output.txt Timezone:Etc/GMT+6 
2024-11-27_13:51:57 makeRegular obs:output 
2024-11-27_13:51:58 readOutputFile outputFile:../../analysis/crhm-analysis/output/2024-11-27-13-50-05_scl_avg_closed_mixed_vector_based_new_ablation_psp_output.txt Timezone:Etc/GMT+6 
2024-11-27_13:59:07 makeRegular obs:output 
2024-11-27_13:59:07 readOutputFile outputFile:../../analysis/crhm-analysis/output/2024-11-27-13-58-01_scl_avg_closed_mixed_vector_based_new_ablation_psp_output.txt Timezone:Etc/GMT+6 
2024-11-27_15:15:08 makeRegular obs:output 
2024-11-27_15:15:08 readOutputFile outputFile:../../analysis/crhm-analysis/output/2024-11-27-15-14-45_scl_avg_closed_mixed_vector_based_new_ablation_psp_output.txt Timezone:Etc/GMT+6 
2024-11-27_16:01:44 makeRegular obs:output 
2024-11-27_16:01:44 readOutputFile outputFile:../../analysis/crhm-analysis/output/2024-11-27-16-01-03_scl_avg_closed_mixed_vector_based_new_ablation_psp_output.txt Timezone:Etc/GMT+6 
2024-11-27_17:54:40 makeRegular obs:output 
2024-11-27_17:54:40 readOutputFile outputFile:../../analysis/crhm-analysis/output/2024-11-27-17-51-35_scl_avg_closed_mixed_vector_based_new_ablation_psp_output.txt Timezone:Etc/GMT+6 
2024-11-27_17:56:59 makeRegular obs:output 
2024-11-27_17:56:59 readOutputFile outputFile:../../analysis/crhm-analysis/output/2024-11-27-17-56-38_scl_avg_closed_mixed_vector_based_new_ablation_psp_output.txt Timezone:Etc/GMT+6 
2024-11-27_18:00:04 makeRegular obs:output 
2024-11-27_18:00:04 readOutputFile outputFile:../../analysis/crhm-analysis/output/2024-11-27-16-01-03_scl_avg_closed_mixed_vector_based_new_ablation_psp_output.txt Timezone:Etc/GMT+6 
2024-11-27_18:03:21 makeRegular obs:output 
2024-11-27_18:03:21 readOutputFile outputFile:../../analysis/crhm-analysis/output/2024-11-27-18-01-24_scl_avg_closed_mixed_vector_based_new_ablation_psp_output.txt Timezone:Etc/GMT+6 
2024-11-27_18:09:26 makeRegular obs:output 
2024-11-27_18:09:26 readOutputFile outputFile:../../analysis/crhm-analysis/output/2024-11-27-18-09-05_scl_avg_closed_mixed_vector_based_new_ablation_psp_output.txt Timezone:Etc/GMT+6 
2024-11-27_18:16:43 makeRegular obs:output 
2024-11-27_18:16:43 readOutputFile outputFile:../../analysis/crhm-analysis/output/2024-11-27-18-14-45_scl_avg_closed_mixed_vector_based_new_ablation_psp_output.txt Timezone:Etc/GMT+6 
2024-11-27_21:18:15 makeRegular obs:output 
2024-11-27_21:18:15 readOutputFile outputFile:../../analysis/crhm-analysis/output/2024-11-27-21-16-21_scl_avg_closed_mixed_vector_based_new_ablation_psp_output.txt Timezone:Etc/GMT+6 
2024-11-27_21:20:07 makeRegular obs:output 
2024-11-27_21:20:07 readOutputFile outputFile:../../analysis/crhm-analysis/output/2024-11-27-21-19-28_scl_avg_closed_mixed_vector_based_new_ablation_psp_output.txt Timezone:Etc/GMT+6 
2024-11-27_21:26:35 makeRegular obs:output 
2024-11-27_21:26:35 readOutputFile outputFile:../../analysis/crhm-analysis/output/2024-11-27-21-26-19_scl_avg_closed_mixed_vector_based_new_ablation_psp_output.txt Timezone:Etc/GMT+6 
2024-11-27_21:44:11 makeRegular obs:output 
2024-11-27_21:44:12 readOutputFile outputFile:../../analysis/crhm-analysis/output/2024-11-27-12-15-01_fortress_forest_ridge_ac_vector_based_new_ablation_psp_output.txt Timezone:Etc/GMT+6 
2024-11-27_21:44:14 makeRegular obs:output 
2024-11-27_21:44:14 readOutputFile outputFile:../../analysis/crhm-analysis/output/2024-11-27-21-26-19_scl_avg_closed_mixed_vector_based_new_ablation_psp_output.txt Timezone:Etc/GMT+6 
2024-11-27_21:46:34 makeRegular obs:output 
2024-11-27_21:46:34 readOutputFile outputFile:../../analysis/crhm-analysis/output/2024-11-27-21-46-17_weighed_tree_vector_based_new_ablation_psp_output.txt Timezone:Etc/GMT+6 
2024-11-27_21:46:38 makeRegular obs:output 
2024-11-27_21:46:38 readOutputFile outputFile:../../analysis/crhm-analysis/output/2024-11-27-21-26-19_scl_avg_closed_mixed_vector_based_new_ablation_psp_output.txt Timezone:Etc/GMT+6 
2024-11-28_17:59:56 makeRegular obs:output 
2024-11-28_17:59:56 readOutputFile outputFile:../../analysis/crhm-analysis/output/2024-11-28-17-49-19_scl_avg_closed_mixed_vector_based_new_ablation_psp_output.txt Timezone:Etc/GMT+6 
2024-11-28_18:04:19 makeRegular obs:output 
2024-11-28_18:04:19 readOutputFile outputFile:../../analysis/crhm-analysis/output/2024-11-28-12-41-20_scl_avg_closed_mixed_vector_based_new_ablation_psp_output.txt Timezone:Etc/GMT+6 
2024-11-28_18:04:22 makeRegular obs:output 
2024-11-28_18:04:22 readOutputFile outputFile:../../analysis/crhm-analysis/output/2024-11-27-16-01-03_scl_avg_closed_mixed_vector_based_new_ablation_psp_output.txt Timezone:Etc/GMT+6 
2024-11-28_18:05:48 makeRegular obs:output 
2024-11-28_18:05:48 readOutputFile outputFile:../../analysis/crhm-analysis/output/2024-11-28-17-49-19_scl_avg_closed_mixed_vector_based_new_ablation_psp_output.txt Timezone:Etc/GMT+6 
2024-11-28_18:07:09 makeRegular obs:output 
2024-11-28_18:07:09 readOutputFile outputFile:../../analysis/crhm-analysis/output/2024-11-28-12-41-20_scl_avg_closed_mixed_vector_based_new_ablation_psp_output.txt Timezone:Etc/GMT+6 
2024-11-28_18:27:02 makeRegular obs:output 
2024-11-28_18:27:02 readOutputFile outputFile:../../analysis/crhm-analysis/output/2024-11-28-18-13-13_scl_avg_closed_mixed_vector_based_new_ablation_psp_output.txt Timezone:Etc/GMT+6 
2024-11-28_18:31:43 makeRegular obs:output 
2024-11-28_18:31:43 readOutputFile outputFile:../../analysis/crhm-analysis/output/2024-11-27-16-01-03_scl_avg_closed_mixed_vector_based_new_ablation_psp_output.txt Timezone:Etc/GMT+6 
2024-11-29_13:56:33 makeRegular obs:output 
2024-11-29_13:56:33 readOutputFile outputFile:../../analysis/crhm-analysis/output/2024-11-28-10-26-17_weighed_tree_vector_based_new_ablation_psp_output.txt Timezone:Etc/GMT+6 
2024-11-29_13:56:36 makeRegular obs:output 
2024-11-29_13:56:36 readOutputFile outputFile:../../analysis/crhm-analysis/output/2024-11-28-18-13-13_scl_avg_closed_mixed_vector_based_new_ablation_psp_output.txt Timezone:Etc/GMT+6 
2024-11-29_13:56:37 makeRegular obs:output 
2024-11-29_13:56:37 readOutputFile outputFile:../../analysis/crhm-analysis/output/2024-11-28-12-41-20_scl_avg_closed_mixed_vector_based_new_ablation_psp_output.txt Timezone:Etc/GMT+6 
2024-11-29_13:56:38 makeRegular obs:output 
2024-11-29_13:56:38 readOutputFile outputFile:../../analysis/crhm-analysis/output/2024-11-27-16-01-03_scl_avg_closed_mixed_vector_based_new_ablation_psp_output.txt Timezone:Etc/GMT+6 
2024-11-29_13:58:02 makeRegular obs:output 
2024-11-29_13:58:02 readOutputFile outputFile:../../analysis/crhm-analysis/output/2024-11-28-10-26-17_weighed_tree_vector_based_new_ablation_psp_output.txt Timezone:Etc/GMT+6 
2024-11-29_14:04:38 makeRegular obs:output 
2024-11-29_14:04:38 readOutputFile outputFile:../../analysis/crhm-analysis/output/2024-11-29-14-03-39_weighed_tree_vector_based_new_ablation_psp_output.txt Timezone:Etc/GMT+6 
2024-11-29_14:04:39 makeRegular obs:output 
2024-11-29_14:04:39 readOutputFile outputFile:../../analysis/crhm-analysis/output/2024-11-28-18-13-13_scl_avg_closed_mixed_vector_based_new_ablation_psp_output.txt Timezone:Etc/GMT+6 
2024-11-29_14:04:40 makeRegular obs:output 
2024-11-29_14:04:40 readOutputFile outputFile:../../analysis/crhm-analysis/output/2024-11-28-12-41-20_scl_avg_closed_mixed_vector_based_new_ablation_psp_output.txt Timezone:Etc/GMT+6 
2024-11-29_14:04:41 makeRegular obs:output 
2024-11-29_14:04:41 readOutputFile outputFile:../../analysis/crhm-analysis/output/2024-11-27-16-01-03_scl_avg_closed_mixed_vector_based_new_ablation_psp_output.txt Timezone:Etc/GMT+6 
2024-11-29_14:15:40 makeRegular obs:output 
2024-11-29_14:15:40 readOutputFile outputFile:../../analysis/crhm-analysis/output/2024-11-29-14-15-12_weighed_tree_vector_based_new_ablation_psp_output.txt Timezone:Etc/GMT+6 
2024-11-29_14:15:41 makeRegular obs:output 
2024-11-29_14:15:41 readOutputFile outputFile:../../analysis/crhm-analysis/output/2024-11-28-18-13-13_scl_avg_closed_mixed_vector_based_new_ablation_psp_output.txt Timezone:Etc/GMT+6 
2024-11-29_14:15:43 makeRegular obs:output 
2024-11-29_14:15:43 readOutputFile outputFile:../../analysis/crhm-analysis/output/2024-11-28-12-41-20_scl_avg_closed_mixed_vector_based_new_ablation_psp_output.txt Timezone:Etc/GMT+6 
2024-11-29_14:15:44 makeRegular obs:output 
2024-11-29_14:15:44 readOutputFile outputFile:../../analysis/crhm-analysis/output/2024-11-27-16-01-03_scl_avg_closed_mixed_vector_based_new_ablation_psp_output.txt Timezone:Etc/GMT+6 
2024-11-29_16:01:05 makeRegular obs:output 
2024-11-29_16:01:05 readOutputFile outputFile:../../analysis/crhm-analysis/output/2024-11-29-16-00-19_weighed_tree_vector_based_new_ablation_psp_output.txt Timezone:Etc/GMT+6 
2024-11-29_16:18:02 makeRegular obs:output 
2024-11-29_16:18:03 readOutputFile outputFile:../../analysis/crhm-analysis/output/2024-11-29-16-16-39_weighed_tree_vector_based_new_ablation_psp_output.txt Timezone:Etc/GMT+6 
2024-11-29_16:24:04 makeRegular obs:output 
2024-11-29_16:24:04 readOutputFile outputFile:../../analysis/crhm-analysis/output/2024-11-29-16-16-39_weighed_tree_vector_based_new_ablation_psp_output.txt Timezone:Etc/GMT+6 
2024-11-29_16:28:54 makeRegular obs:output 
2024-11-29_16:28:54 readOutputFile outputFile:../../analysis/crhm-analysis/output/2024-11-29-16-00-19_weighed_tree_vector_based_new_ablation_psp_output.txt Timezone:Etc/GMT+6 
2024-11-29_16:29:07 makeRegular obs:output 
2024-11-29_16:29:07 readOutputFile outputFile:../../analysis/crhm-analysis/output/2024-11-29-16-16-39_weighed_tree_vector_based_new_ablation_psp_output.txt Timezone:Etc/GMT+6 
2024-11-30_11:51:22 makeRegular obs:output 
2024-11-30_11:51:22 readOutputFile outputFile:../../analysis/crhm-analysis/output/2024-11-30-11-50-37_weighed_tree_vector_based_new_ablation_psp_output.txt Timezone:Etc/GMT+6 
2024-11-30_11:51:45 makeRegular obs:output 
2024-11-30_11:51:45 readOutputFile outputFile:../../analysis/crhm-analysis/output/2024-11-30-11-50-37_weighed_tree_vector_based_new_ablation_psp_output.txt Timezone:Etc/GMT+6 
2024-11-30_11:51:46 makeRegular obs:output 
2024-11-30_11:51:46 readOutputFile outputFile:../../analysis/crhm-analysis/output/2024-11-28-18-13-13_scl_avg_closed_mixed_vector_based_new_ablation_psp_output.txt Timezone:Etc/GMT+6 
2024-11-30_11:51:48 makeRegular obs:output 
2024-11-30_11:51:48 readOutputFile outputFile:../../analysis/crhm-analysis/output/2024-11-29-16-00-19_weighed_tree_vector_based_new_ablation_psp_output.txt Timezone:Etc/GMT+6 
2024-11-30_11:51:49 makeRegular obs:output 
2024-11-30_11:51:49 readOutputFile outputFile:../../analysis/crhm-analysis/output/2024-11-29-16-16-39_weighed_tree_vector_based_new_ablation_psp_output.txt Timezone:Etc/GMT+6 
2024-11-30_11:51:50 makeRegular obs:output 
2024-11-30_11:51:50 readOutputFile outputFile:../../analysis/crhm-analysis/output/2024-11-28-12-41-20_scl_avg_closed_mixed_vector_based_new_ablation_psp_output.txt Timezone:Etc/GMT+6 
2024-11-30_11:51:51 makeRegular obs:output 
2024-11-30_11:51:51 readOutputFile outputFile:../../analysis/crhm-analysis/output/2024-11-27-16-01-03_scl_avg_closed_mixed_vector_based_new_ablation_psp_output.txt Timezone:Etc/GMT+6 
2024-11-30_11:56:49 makeRegular obs:output 
2024-11-30_11:56:49 readOutputFile outputFile:../../analysis/crhm-analysis/output/2024-11-30-11-50-37_weighed_tree_vector_based_new_ablation_psp_output.txt Timezone:Etc/GMT+6 
2024-11-30_12:05:51 makeRegular obs:output 
2024-11-30_12:05:51 readOutputFile outputFile:../../analysis/crhm-analysis/output/2024-11-30-12-05-04_weighed_tree_vector_based_new_ablation_psp_output.txt Timezone:Etc/GMT+6 
2024-11-30_12:05:52 makeRegular obs:output 
2024-11-30_12:05:52 readOutputFile outputFile:../../analysis/crhm-analysis/output/2024-11-28-18-13-13_scl_avg_closed_mixed_vector_based_new_ablation_psp_output.txt Timezone:Etc/GMT+6 
2024-11-30_12:05:53 makeRegular obs:output 
2024-11-30_12:05:53 readOutputFile outputFile:../../analysis/crhm-analysis/output/2024-11-29-16-00-19_weighed_tree_vector_based_new_ablation_psp_output.txt Timezone:Etc/GMT+6 
2024-11-30_12:05:55 makeRegular obs:output 
2024-11-30_12:05:55 readOutputFile outputFile:../../analysis/crhm-analysis/output/2024-11-29-16-00-19_weighed_tree_vector_based_new_ablation_psp_output.txt Timezone:Etc/GMT+6 
2024-11-30_12:05:56 makeRegular obs:output 
2024-11-30_12:05:57 readOutputFile outputFile:../../analysis/crhm-analysis/output/2024-11-29-16-16-39_weighed_tree_vector_based_new_ablation_psp_output.txt Timezone:Etc/GMT+6 
2024-11-30_12:05:58 makeRegular obs:output 
2024-11-30_12:05:58 readOutputFile outputFile:../../analysis/crhm-analysis/output/2024-11-28-12-41-20_scl_avg_closed_mixed_vector_based_new_ablation_psp_output.txt Timezone:Etc/GMT+6 
2024-11-30_12:05:58 makeRegular obs:output 
2024-11-30_12:05:59 readOutputFile outputFile:../../analysis/crhm-analysis/output/2024-11-27-16-01-03_scl_avg_closed_mixed_vector_based_new_ablation_psp_output.txt Timezone:Etc/GMT+6 
2024-11-30_12:06:34 makeRegular obs:output 
2024-11-30_12:06:34 readOutputFile outputFile:../../analysis/crhm-analysis/output/2024-11-30-12-05-04_weighed_tree_vector_based_new_ablation_psp_output.txt Timezone:Etc/GMT+6 
2024-11-30_13:31:17 makeRegular obs:output 
2024-11-30_13:31:17 readOutputFile outputFile:../../analysis/crhm-analysis/output/2024-11-30-12-05-04_weighed_tree_vector_based_new_ablation_psp_output.txt Timezone:Etc/GMT+6 
2024-11-30_13:43:41 makeRegular obs:output 
2024-11-30_13:43:41 readOutputFile outputFile:../../analysis/crhm-analysis/output/2024-11-30-13-43-10_weighed_tree_vector_based_new_ablation_psp_output.txt Timezone:Etc/GMT+6 
2024-11-30_14:10:46 makeRegular obs:output 
2024-11-30_14:10:46 readOutputFile outputFile:../../analysis/crhm-analysis/output/2024-11-30-14-10-17_weighed_tree_vector_based_new_ablation_psp_output.txt Timezone:Etc/GMT+6 
2024-11-30_14:12:23 makeRegular obs:output 
2024-11-30_14:12:23 readOutputFile outputFile:../../analysis/crhm-analysis/output/2024-11-30-14-10-17_weighed_tree_vector_based_new_ablation_psp_output.txt Timezone:Etc/GMT+6 
2024-11-30_14:30:49 makeRegular obs:output 
2024-11-30_14:30:49 readOutputFile outputFile:../../analysis/crhm-analysis/output/2024-11-30-14-10-17_weighed_tree_vector_based_new_ablation_psp_output.txt Timezone:Etc/GMT+6 
2024-11-30_14:30:50 makeRegular obs:output 
2024-11-30_14:30:50 readOutputFile outputFile:../../analysis/crhm-analysis/output/2024-11-28-18-13-13_scl_avg_closed_mixed_vector_based_new_ablation_psp_output.txt Timezone:Etc/GMT+6 
2024-11-30_17:07:05 makeRegular obs:output 
2024-11-30_17:07:05 readOutputFile outputFile:../../analysis/crhm-analysis/output/2024-11-30-17-06-00_weighed_tree_vector_based_new_ablation_psp_output.txt Timezone:Etc/GMT+6 
2024-11-30_17:07:06 makeRegular obs:output 
2024-11-30_17:07:07 readOutputFile outputFile:../../analysis/crhm-analysis/output/2024-11-28-18-13-13_scl_avg_closed_mixed_vector_based_new_ablation_psp_output.txt Timezone:Etc/GMT+6 
2024-11-30_17:15:57 makeRegular obs:output 
2024-11-30_17:15:57 readOutputFile outputFile:../../analysis/crhm-analysis/output/2024-11-30-17-15-30_weighed_tree_vector_based_new_ablation_psp_output.txt Timezone:Etc/GMT+6 
2024-11-30_17:15:58 makeRegular obs:output 
2024-11-30_17:15:58 readOutputFile outputFile:../../analysis/crhm-analysis/output/2024-11-28-18-13-13_scl_avg_closed_mixed_vector_based_new_ablation_psp_output.txt Timezone:Etc/GMT+6 
2024-11-30_17:40:22 makeRegular obs:output 
2024-11-30_17:40:22 readOutputFile outputFile:../../analysis/crhm-analysis/output/2024-11-30-17-40-03_weighed_tree_vector_based_new_ablation_psp_output.txt Timezone:Etc/GMT+6 
2024-11-30_17:40:24 makeRegular obs:output 
2024-11-30_17:40:24 readOutputFile outputFile:../../analysis/crhm-analysis/output/2024-11-28-18-13-13_scl_avg_closed_mixed_vector_based_new_ablation_psp_output.txt Timezone:Etc/GMT+6 
2024-11-30_17:41:36 makeRegular obs:output 
2024-11-30_17:41:36 readOutputFile outputFile:../../analysis/crhm-analysis/output/2024-11-30-17-40-03_weighed_tree_vector_based_new_ablation_psp_output.txt Timezone:Etc/GMT+6 
2024-12-01_11:20:27 makeRegular obs:output 
2024-12-01_11:20:27 readOutputFile outputFile:../../analysis/crhm-analysis/output/2024-12-01-11-12-03_weighed_tree_vector_based_new_ablation_psp_output.txt Timezone:Etc/GMT+6 
2024-12-01_11:20:28 makeRegular obs:output 
2024-12-01_11:20:28 readOutputFile outputFile:../../analysis/crhm-analysis/output/2024-11-28-18-13-13_scl_avg_closed_mixed_vector_based_new_ablation_psp_output.txt Timezone:Etc/GMT+6 
2024-12-01_11:23:34 makeRegular obs:output 
2024-12-01_11:23:34 readOutputFile outputFile:../../analysis/crhm-analysis/output/2024-12-01-11-12-03_weighed_tree_vector_based_new_ablation_psp_output.txt Timezone:Etc/GMT+6 
2024-12-01_11:25:24 makeRegular obs:output 
2024-12-01_11:25:24 readOutputFile outputFile:../../analysis/crhm-analysis/output/2024-12-01-11-24-48_weighed_tree_vector_based_new_ablation_psp_output.txt Timezone:Etc/GMT+6 
2024-12-01_11:25:25 makeRegular obs:output 
2024-12-01_11:25:25 readOutputFile outputFile:../../analysis/crhm-analysis/output/2024-11-28-18-13-13_scl_avg_closed_mixed_vector_based_new_ablation_psp_output.txt Timezone:Etc/GMT+6 
2024-12-01_11:35:10 makeRegular obs:output 
2024-12-01_11:35:10 readOutputFile outputFile:../../analysis/crhm-analysis/output/2024-12-01-11-24-48_weighed_tree_vector_based_new_ablation_psp_output.txt Timezone:Etc/GMT+6 
2024-12-01_11:35:11 makeRegular obs:output 
2024-12-01_11:35:11 readOutputFile outputFile:../../analysis/crhm-analysis/output/2024-11-28-18-13-13_scl_avg_closed_mixed_vector_based_new_ablation_psp_output.txt Timezone:Etc/GMT+6 
2024-12-01_11:59:12 makeRegular obs:output 
2024-12-01_11:59:12 readOutputFile outputFile:../../analysis/crhm-analysis/output/2024-12-01-11-58-53_weighed_tree_vector_based_new_ablation_psp_output.txt Timezone:Etc/GMT+6 
2024-12-01_11:59:13 makeRegular obs:output 
2024-12-01_11:59:13 readOutputFile outputFile:../../analysis/crhm-analysis/output/2024-11-28-18-13-13_scl_avg_closed_mixed_vector_based_new_ablation_psp_output.txt Timezone:Etc/GMT+6 
2024-12-01_12:13:07 makeRegular obs:output 
2024-12-01_12:13:08 readOutputFile outputFile:../../analysis/crhm-analysis/output/2024-12-01-12-12-20_weighed_tree_vector_based_new_ablation_psp_output.txt Timezone:Etc/GMT+6 
2024-12-01_12:13:09 makeRegular obs:output 
2024-12-01_12:13:09 readOutputFile outputFile:../../analysis/crhm-analysis/output/2024-11-28-18-13-13_scl_avg_closed_mixed_vector_based_new_ablation_psp_output.txt Timezone:Etc/GMT+6 
2024-12-01_12:33:30 makeRegular obs:output 
2024-12-01_12:33:30 readOutputFile outputFile:../../analysis/crhm-analysis/output/2024-12-01-12-32-15_weighed_tree_vector_based_baseline_ablation_output.txt Timezone:Etc/GMT+6 
2024-12-01_13:17:43 makeRegular obs:output 
2024-12-01_13:17:43 readOutputFile outputFile:../../analysis/crhm-analysis/output/fortress_powerline_clearing_snowsurveytransect_baseline/2024-12-01-13-13-55_fortress_powerline_clearing_snowsurveytransect_baseline_output.txt Timezone:Etc/GMT+6 
2024-12-01_13:18:35 makeRegular obs:output 
2024-12-01_13:18:35 readOutputFile outputFile:../../analysis/crhm-analysis/output/fortress_powerline_clearing_snowsurveytransect_baseline/2024-12-01-13-13-55_fortress_powerline_clearing_snowsurveytransect_baseline_output.txt Timezone:Etc/GMT+6 
2024-12-01_13:57:06 makeRegular obs:output 
2024-12-01_13:57:06 readOutputFile outputFile:../../analysis/crhm-analysis/output/fortress_powerline_clearing_snowsurveytransect_pspnew/2024-12-01-13-54-45_fortress_powerline_clearing_snowsurveytransect_pspnew_output.txt Timezone:Etc/GMT+6 
2024-12-01_14:59:39 makeRegular obs:output 
2024-12-01_14:59:40 readOutputFile outputFile:../../analysis/crhm-analysis/output/fortress_powerline_clearing_snowsurveytransect_pspnew/2024-12-01-14-59-00_fortress_powerline_clearing_snowsurveytransect_pspnew_output.txt Timezone:Etc/GMT+6 
2024-12-01_15:00:34 makeRegular obs:output 
2024-12-01_15:00:34 readOutputFile outputFile:../../analysis/crhm-analysis/output/fortress_powerline_clearing_snowsurveytransect_pspnew/2024-12-01-15-00-11_fortress_powerline_clearing_snowsurveytransect_pspnew_output.txt Timezone:Etc/GMT+6 
2024-12-01_15:04:56 makeRegular obs:output 
2024-12-01_15:04:56 readOutputFile outputFile:../../analysis/crhm-analysis/output/fortress_powerline_clearing_snowsurveytransect_baseline/2024-12-01-13-13-55_fortress_powerline_clearing_snowsurveytransect_baseline_output.txt Timezone:Etc/GMT+6 
2024-12-01_15:06:16 makeRegular obs:output 
2024-12-01_15:06:16 readOutputFile outputFile:../../analysis/crhm-analysis/output/fortress_powerline_clearing_snowsurveytransect_baseline/2024-12-01-15-05-10_fortress_powerline_clearing_snowsurveytransect_baseline_output.txt Timezone:Etc/GMT+6 
2024-12-01_15:19:56 makeRegular obs:output 
2024-12-01_15:19:56 readOutputFile outputFile:../../analysis/crhm-analysis/output/fortress_powerline_clearing_snowsurveytransect_baseline/2024-12-01-15-05-10_fortress_powerline_clearing_snowsurveytransect_baseline_output.txt Timezone:Etc/GMT+6 
2024-12-01_15:19:59 makeRegular obs:output 
2024-12-01_15:19:59 readOutputFile outputFile:../../analysis/crhm-analysis/output/fortress_powerline_clearing_snowsurveytransect_pspnew/2024-12-01-15-19-29_fortress_powerline_clearing_snowsurveytransect_pspnew_output.txt Timezone:Etc/GMT+6 
2024-12-01_15:22:42 makeRegular obs:output 
2024-12-01_15:22:42 readOutputFile outputFile:../../analysis/crhm-analysis/output/fortress_powerline_clearing_snowsurveytransect_pspnew/2024-12-01-15-22-06_fortress_powerline_clearing_snowsurveytransect_pspnew_output.txt Timezone:Etc/GMT+6 
2024-12-01_15:24:15 makeRegular obs:output 
2024-12-01_15:24:15 readOutputFile outputFile:../../analysis/crhm-analysis/output/fortress_powerline_clearing_snowsurveytransect_pspnew/2024-12-01-15-23-34_fortress_powerline_clearing_snowsurveytransect_pspnew_output.txt Timezone:Etc/GMT+6 
2024-12-01_15:26:07 makeRegular obs:output 
2024-12-01_15:26:07 readOutputFile outputFile:../../analysis/crhm-analysis/output/fortress_powerline_clearing_snowsurveytransect_pspnew/2024-12-01-15-23-34_fortress_powerline_clearing_snowsurveytransect_pspnew_output.txt Timezone:Etc/GMT+6 
2024-12-01_15:26:48 makeRegular obs:output 
2024-12-01_15:26:48 readOutputFile outputFile:../../analysis/crhm-analysis/output/fortress_powerline_clearing_snowsurveytransect_pspnew/2024-12-01-15-26-17_fortress_powerline_clearing_snowsurveytransect_pspnew_output.txt Timezone:Etc/GMT+6 
2024-12-01_16:27:59 makeRegular obs:output 
2024-12-01_16:27:59 readOutputFile outputFile:../../analysis/crhm-analysis/output/weighed_tree_vector_based_new_ablation_psp/2024-12-01-16-26-32_weighed_tree_vector_based_new_ablation_psp_output.txt Timezone:Etc/GMT+6 
2024-12-01_16:36:20 makeRegular obs:output 
2024-12-01_16:36:20 readOutputFile outputFile:../../analysis/crhm-analysis/output/weighed_tree_vector_based_new_ablation_psp/2024-12-01-16-35-04_weighed_tree_vector_based_new_ablation_psp_output.txt Timezone:Etc/GMT+6 
2024-12-01_16:39:30 makeRegular obs:output 
2024-12-01_16:39:30 readOutputFile outputFile:../../analysis/crhm-analysis/output/weighed_tree_vector_based_new_ablation_psp/2024-12-01-16-38-39_weighed_tree_vector_based_new_ablation_psp_output.txt Timezone:Etc/GMT+6 
2024-12-01_16:45:09 makeRegular obs:output 
2024-12-01_16:45:09 readOutputFile outputFile:../../analysis/crhm-analysis/output/weighed_tree_vector_based_new_ablation_psp/2024-12-01-16-44-48_weighed_tree_vector_based_new_ablation_psp_output.txt Timezone:Etc/GMT+6 
2024-12-01_16:47:00 makeRegular obs:output 
2024-12-01_16:47:00 readOutputFile outputFile:../../analysis/crhm-analysis/output/fortress_powerline_clearing_snowsurveytransect_baseline/2024-12-01-15-05-10_fortress_powerline_clearing_snowsurveytransect_baseline_output.txt Timezone:Etc/GMT+6 
2024-12-01_16:47:02 makeRegular obs:output 
2024-12-01_16:47:02 readOutputFile outputFile:../../analysis/crhm-analysis/output/fortress_powerline_clearing_snowsurveytransect_pspnew/2024-12-01-16-46-17_fortress_powerline_clearing_snowsurveytransect_pspnew_output.txt Timezone:Etc/GMT+6 
2024-12-01_16:52:34 makeRegular obs:obs 
2024-12-01_16:52:34 readObsFile obsFile:data/snow_survey/Powerline_obs_SWE_2013-23.obs datetype:Excel timezone:Etc/GMT+6 
2024-12-01_17:13:43 makeRegular obs:obs 
2024-12-01_17:13:43 readObsFile obsFile:data/snow_survey/Powerline_obs_SWE_2013-23.obs datetype:Excel timezone:Etc/GMT+6 
2024-12-02_09:25:43 makeRegular obs:obs 
2024-12-02_09:25:43 readObsFile obsFile:data/snow_survey/Powerline_obs_SWE_2013-23.obs datetype:Excel timezone:Etc/GMT+6 
2024-12-02_09:25:46 makeRegular obs:output 
2024-12-02_09:25:47 readOutputFile outputFile:../../analysis/crhm-analysis/output/fortress_powerline_clearing_snowsurveytransect_baseline/2024-12-01-15-05-10_fortress_powerline_clearing_snowsurveytransect_baseline_output.txt Timezone:Etc/GMT+6 
2024-12-02_09:25:50 makeRegular obs:output 
2024-12-02_09:25:50 readOutputFile outputFile:../../analysis/crhm-analysis/output/fortress_powerline_clearing_snowsurveytransect_pspnew/2024-12-01-16-46-17_fortress_powerline_clearing_snowsurveytransect_pspnew_output.txt Timezone:Etc/GMT+6 
2024-12-02_09:26:04 makeRegular obs:output 
2024-12-02_09:26:04 readOutputFile outputFile:../../analysis/crhm-analysis/output/fortress_powerline_clearing_snowsurveytransect_baseline/2024-12-01-15-05-10_fortress_powerline_clearing_snowsurveytransect_baseline_output.txt Timezone:Etc/GMT+6 
2024-12-02_09:26:05 makeRegular obs:output 
2024-12-02_09:26:05 readOutputFile outputFile:../../analysis/crhm-analysis/output/fortress_powerline_clearing_snowsurveytransect_pspnew/2024-12-01-16-46-17_fortress_powerline_clearing_snowsurveytransect_pspnew_output.txt Timezone:Etc/GMT+6 
2024-12-02_09:31:02 makeRegular obs:obs 
2024-12-02_09:31:02 readObsFile obsFile:data/snow_survey/Powerline_obs_SWE_2013-23.obs datetype:Excel timezone:Etc/GMT+6 
2024-12-02_09:31:14 makeRegular obs:obs 
2024-12-02_09:31:14 readObsFile obsFile:data/snow_survey/Powerline_obs_SWE_2013-23.obs datetype:Excel timezone:Etc/GMT+6 
2024-12-02_09:31:31 makeRegular obs:obs 
2024-12-02_09:31:31 readObsFile obsFile:data/snow_survey/Powerline_obs_SWE_2013-23.obs datetype:Excel timezone:Etc/GMT+6 
2024-12-02_09:44:09 makeRegular obs:obs 
2024-12-02_09:44:09 readObsFile obsFile:data/snow_survey/Powerline_obs_SWE_2013-23.obs datetype:Excel timezone:Etc/GMT+6 
2024-12-02_09:44:12 makeRegular obs:output 
2024-12-02_09:44:13 readOutputFile outputFile:../../analysis/crhm-analysis/output/fortress_powerline_clearing_snowsurveytransect_baseline/2024-12-01-15-05-10_fortress_powerline_clearing_snowsurveytransect_baseline_output.txt Timezone:Etc/GMT+6 
2024-12-02_09:44:17 makeRegular obs:output 
2024-12-02_09:44:18 readOutputFile outputFile:../../analysis/crhm-analysis/output/fortress_powerline_clearing_snowsurveytransect_pspnew/2024-12-02-09-43-41_fortress_powerline_clearing_snowsurveytransect_pspnew_output.txt Timezone:Etc/GMT+6 
2024-12-02_09:50:45 makeRegular obs:output 
2024-12-02_09:50:45 readOutputFile outputFile:../../analysis/crhm-analysis/output/fortress_powerline_clearing_snowsurveytransect_pspnew/2024-12-02-09-49-28_fortress_powerline_clearing_snowsurveytransect_pspnew_output.txt Timezone:Etc/GMT+6 
2024-12-02_09:51:56 makeRegular obs:obs 
2024-12-02_09:51:56 readObsFile obsFile:data/snow_survey/Powerline_obs_SWE_2013-23.obs datetype:Excel timezone:Etc/GMT+6 
2024-12-02_09:51:58 makeRegular obs:output 
2024-12-02_09:51:58 readOutputFile outputFile:../../analysis/crhm-analysis/output/fortress_powerline_clearing_snowsurveytransect_baseline/2024-12-01-15-05-10_fortress_powerline_clearing_snowsurveytransect_baseline_output.txt Timezone:Etc/GMT+6 
2024-12-02_09:52:02 makeRegular obs:output 
2024-12-02_09:52:02 readOutputFile outputFile:../../analysis/crhm-analysis/output/fortress_powerline_clearing_snowsurveytransect_pspnew/2024-12-02-09-51-19_fortress_powerline_clearing_snowsurveytransect_pspnew_output.txt Timezone:Etc/GMT+6 
2024-12-02_09:55:20 makeRegular obs:output 
2024-12-02_09:55:20 readOutputFile outputFile:../../analysis/crhm-analysis/output/weighed_tree_vector_based_new_ablation_psp/2024-12-01-16-44-48_weighed_tree_vector_based_new_ablation_psp_output.txt Timezone:Etc/GMT+6 
2024-12-02_09:55:21 makeRegular obs:output 
2024-12-02_09:55:21 readOutputFile outputFile:../../analysis/crhm-analysis/output/2024-12-01-12-32-15_weighed_tree_vector_based_baseline_ablation_output.txt Timezone:Etc/GMT+6 
2024-12-02_09:55:22 makeRegular obs:output 
2024-12-02_09:55:22 readOutputFile outputFile:../../analysis/crhm-analysis/output/2024-11-28-18-13-13_scl_avg_closed_mixed_vector_based_new_ablation_psp_output.txt Timezone:Etc/GMT+6 
2024-12-02_09:55:45 makeRegular obs:output 
2024-12-02_09:55:45 readOutputFile outputFile:../../analysis/crhm-analysis/output/weighed_tree_vector_based_new_ablation_psp/2024-12-01-16-44-48_weighed_tree_vector_based_new_ablation_psp_output.txt Timezone:Etc/GMT+6 
2024-12-02_09:55:46 makeRegular obs:output 
2024-12-02_09:55:46 readOutputFile outputFile:../../analysis/crhm-analysis/output/2024-12-01-12-32-15_weighed_tree_vector_based_baseline_ablation_output.txt Timezone:Etc/GMT+6 
2024-12-02_09:55:47 makeRegular obs:output 
2024-12-02_09:55:47 readOutputFile outputFile:../../analysis/crhm-analysis/output/2024-11-28-18-13-13_scl_avg_closed_mixed_vector_based_new_ablation_psp_output.txt Timezone:Etc/GMT+6 
2024-12-02_10:01:18 makeRegular obs:output 
2024-12-02_10:01:18 readOutputFile outputFile:../../analysis/crhm-analysis/output/weighed_tree_vector_based_new_ablation_psp/2024-12-01-16-44-48_weighed_tree_vector_based_new_ablation_psp_output.txt Timezone:Etc/GMT+6 
2024-12-02_10:01:43 makeRegular obs:output 
2024-12-02_10:01:44 readOutputFile outputFile:../../analysis/crhm-analysis/output/weighed_tree_vector_based_new_ablation_psp/2024-12-01-16-44-48_weighed_tree_vector_based_new_ablation_psp_output.txt Timezone:Etc/GMT+6 
2024-12-02_10:01:48 makeRegular obs:output 
2024-12-02_10:01:48 readOutputFile outputFile:../../analysis/crhm-analysis/output/weighed_tree_vector_based_new_ablation_psp/2024-12-01-16-44-48_weighed_tree_vector_based_new_ablation_psp_output.txt Timezone:Etc/GMT+6 
2024-12-02_10:02:19 makeRegular obs:output 
2024-12-02_10:02:19 readOutputFile outputFile:../../analysis/crhm-analysis/output/weighed_tree_vector_based_baseline_ablation/2024-12-02-10-00-57_weighed_tree_vector_based_baseline_ablation_output.txt Timezone:Etc/GMT+6 
2024-12-02_10:02:22 makeRegular obs:output 
2024-12-02_10:02:22 readOutputFile outputFile:../../analysis/crhm-analysis/output/2024-11-28-18-13-13_scl_avg_closed_mixed_vector_based_new_ablation_psp_output.txt Timezone:Etc/GMT+6 
2024-12-02_10:04:31 makeRegular obs:output 
2024-12-02_10:04:31 readOutputFile outputFile:../../analysis/crhm-analysis/output/weighed_tree_vector_based_new_ablation_psp/2024-12-02-10-04-04_weighed_tree_vector_based_new_ablation_psp_output.txt Timezone:Etc/GMT+6 
2024-12-02_10:04:33 makeRegular obs:output 
2024-12-02_10:04:33 readOutputFile outputFile:../../analysis/crhm-analysis/output/weighed_tree_vector_based_baseline_ablation/2024-12-02-10-00-57_weighed_tree_vector_based_baseline_ablation_output.txt Timezone:Etc/GMT+6 
2024-12-02_10:04:34 makeRegular obs:output 
2024-12-02_10:04:34 readOutputFile outputFile:../../analysis/crhm-analysis/output/2024-11-28-18-13-13_scl_avg_closed_mixed_vector_based_new_ablation_psp_output.txt Timezone:Etc/GMT+6 
2024-12-02_10:13:15 makeRegular obs:obs 
2024-12-02_10:13:15 readObsFile obsFile:data/snow_survey/Powerline_obs_SWE_2013-23.obs datetype:Excel timezone:Etc/GMT+6 
2024-12-02_10:13:17 makeRegular obs:output 
2024-12-02_10:13:17 readOutputFile outputFile:../../analysis/crhm-analysis/output/fortress_powerline_clearing_snowsurveytransect_baseline/2024-12-01-15-05-10_fortress_powerline_clearing_snowsurveytransect_baseline_output.txt Timezone:Etc/GMT+6 
2024-12-02_10:13:39 makeRegular obs:output 
2024-12-02_10:13:39 readOutputFile outputFile:../../analysis/crhm-analysis/output/fortress_powerline_clearing_snowsurveytransect_pspnew/2024-12-02-10-12-38_fortress_powerline_clearing_snowsurveytransect_pspnew_output.txt Timezone:Etc/GMT+6 
2024-12-02_10:44:01 makeRegular obs:obs 
2024-12-02_10:44:01 readObsFile obsFile:data/snow_survey/Powerline_obs_SWE_2013-23.obs datetype:Excel timezone:Etc/GMT+6 
2024-12-02_10:44:02 makeRegular obs:output 
2024-12-02_10:44:02 readOutputFile outputFile:../../analysis/crhm-analysis/output/fortress_powerline_clearing_snowsurveytransect_baseline/2024-12-01-15-05-10_fortress_powerline_clearing_snowsurveytransect_baseline_output.txt Timezone:Etc/GMT+6 
2024-12-02_10:44:03 makeRegular obs:output 
2024-12-02_10:44:03 readOutputFile outputFile:../../analysis/crhm-analysis/output/fortress_powerline_clearing_snowsurveytransect_pspnew/2024-12-02-10-43-38_fortress_powerline_clearing_snowsurveytransect_pspnew_output.txt Timezone:Etc/GMT+6 
2024-12-02_12:57:18 makeRegular obs:output 
2024-12-02_12:57:18 readOutputFile outputFile:../../analysis/crhm-analysis/output/fortress_powerline_clearing_snowsurveytransect_pspnew/2024-12-02-12-56-43_fortress_powerline_clearing_snowsurveytransect_pspnew_output.txt Timezone:Etc/GMT+6 
2024-12-02_12:58:04 makeRegular obs:obs 
2024-12-02_12:58:04 readObsFile obsFile:data/snow_survey/Powerline_obs_SWE_2013-23.obs datetype:Excel timezone:Etc/GMT+6 
2024-12-02_12:58:06 makeRegular obs:output 
2024-12-02_12:58:06 readOutputFile outputFile:../../analysis/crhm-analysis/output/fortress_powerline_clearing_snowsurveytransect_baseline/2024-12-01-15-05-10_fortress_powerline_clearing_snowsurveytransect_baseline_output.txt Timezone:Etc/GMT+6 
2024-12-02_12:58:07 makeRegular obs:output 
2024-12-02_12:58:07 readOutputFile outputFile:../../analysis/crhm-analysis/output/fortress_powerline_clearing_snowsurveytransect_pspnew/2024-12-02-12-56-43_fortress_powerline_clearing_snowsurveytransect_pspnew_output.txt Timezone:Etc/GMT+6 
2024-12-02_13:01:53 makeRegular obs:output 
2024-12-02_13:01:53 readOutputFile outputFile:../../analysis/crhm-analysis/output/fortress_powerline_clearing_snowsurveytransect_pspnew/2024-12-02-13-01-21_fortress_powerline_clearing_snowsurveytransect_pspnew_output.txt Timezone:Etc/GMT+6 
2024-12-02_13:02:19 makeRegular obs:obs 
2024-12-02_13:02:19 readObsFile obsFile:data/snow_survey/Powerline_obs_SWE_2013-23.obs datetype:Excel timezone:Etc/GMT+6 
2024-12-02_13:02:20 makeRegular obs:output 
2024-12-02_13:02:20 readOutputFile outputFile:../../analysis/crhm-analysis/output/fortress_powerline_clearing_snowsurveytransect_baseline/2024-12-01-15-05-10_fortress_powerline_clearing_snowsurveytransect_baseline_output.txt Timezone:Etc/GMT+6 
2024-12-02_13:02:21 makeRegular obs:output 
2024-12-02_13:02:21 readOutputFile outputFile:../../analysis/crhm-analysis/output/fortress_powerline_clearing_snowsurveytransect_pspnew/2024-12-02-13-01-21_fortress_powerline_clearing_snowsurveytransect_pspnew_output.txt Timezone:Etc/GMT+6 
2024-12-02_16:16:33 makeRegular obs:output 
2024-12-02_16:16:34 readOutputFile outputFile:../../analysis/crhm-analysis/output/weighed_tree_vector_based_new_ablation_psp/2024-12-02-10-04-04_weighed_tree_vector_based_new_ablation_psp_output.txt Timezone:Etc/GMT+6 
2024-12-02_16:27:57 makeRegular obs:output 
2024-12-02_16:27:57 readOutputFile outputFile:../../analysis/crhm-analysis/output/weighed_tree_vector_based_new_ablation_psp/2024-12-02-10-04-04_weighed_tree_vector_based_new_ablation_psp_output.txt Timezone:Etc/GMT+6 
2024-12-02_16:51:41 makeRegular obs:output 
2024-12-02_16:51:41 readOutputFile outputFile:../../analysis/crhm-analysis/output/weighed_tree_vector_based_new_ablation_psp/2024-12-02-10-04-04_weighed_tree_vector_based_new_ablation_psp_output.txt Timezone:Etc/GMT+6 
2024-12-02_16:52:37 makeRegular obs:output 
2024-12-02_16:52:37 readOutputFile outputFile:../../analysis/crhm-analysis/output/weighed_tree_vector_based_new_ablation_psp/2024-12-02-16-52-19_weighed_tree_vector_based_new_ablation_psp_output.txt Timezone:Etc/GMT+6 
2024-12-02_16:52:42 makeRegular obs:output 
2024-12-02_16:52:42 readOutputFile outputFile:../../analysis/crhm-analysis/output/weighed_tree_vector_based_new_ablation_psp/2024-12-02-10-04-04_weighed_tree_vector_based_new_ablation_psp_output.txt Timezone:Etc/GMT+6 
2024-12-02_16:58:51 makeRegular obs:output 
2024-12-02_16:58:51 readOutputFile outputFile:../../analysis/crhm-analysis/output/weighed_tree_vector_based_new_ablation_psp/2024-12-02-16-58-33_weighed_tree_vector_based_new_ablation_psp_output.txt Timezone:Etc/GMT+6 
2024-12-02_16:59:32 makeRegular obs:output 
2024-12-02_16:59:32 readOutputFile outputFile:../../analysis/crhm-analysis/output/weighed_tree_vector_based_new_ablation_psp/2024-12-02-16-58-33_weighed_tree_vector_based_new_ablation_psp_output.txt Timezone:Etc/GMT+6 
2024-12-02_17:02:17 makeRegular obs:output 
2024-12-02_17:02:17 readOutputFile outputFile:../../analysis/crhm-analysis/output/weighed_tree_vector_based_new_ablation_psp/2024-12-02-17-01-52_weighed_tree_vector_based_new_ablation_psp_output.txt Timezone:Etc/GMT+6 
2024-12-02_18:10:47 makeRegular obs:output 
2024-12-02_18:10:47 readOutputFile outputFile:../../analysis/crhm-analysis/output/weighed_tree_vector_based_new_ablation_psp/2024-12-02-18-10-24_weighed_tree_vector_based_new_ablation_psp_output.txt Timezone:Etc/GMT+6 
2024-12-03_09:17:24 makeRegular obs:output 
2024-12-03_09:17:24 readOutputFile outputFile:../../analysis/crhm-analysis/output/weighed_tree_vector_based_baseline_ablation/2024-12-02-16-51-04_weighed_tree_vector_based_baseline_ablation_output.txt Timezone:Etc/GMT+6 
2024-12-03_09:17:26 makeRegular obs:output 
2024-12-03_09:17:26 readOutputFile outputFile:../../analysis/crhm-analysis/output/weighed_tree_vector_based_new_ablation_psp/2024-12-03-09-17-01_weighed_tree_vector_based_new_ablation_psp_output.txt Timezone:Etc/GMT+6 
2024-12-03_09:18:26 makeRegular obs:output 
2024-12-03_09:18:26 readOutputFile outputFile:../../analysis/crhm-analysis/output/weighed_tree_vector_based_new_ablation_psp/2024-12-03-09-18-00_weighed_tree_vector_based_new_ablation_psp_output.txt Timezone:Etc/GMT+6 
2024-12-03_11:38:44 makeRegular obs:output 
2024-12-03_11:38:44 readOutputFile outputFile:../../analysis/crhm-analysis/output/weighed_tree_vector_based_new_ablation_psp/2024-12-03-09-18-00_weighed_tree_vector_based_new_ablation_psp_output.txt Timezone:Etc/GMT+6 
2024-12-03_11:38:46 makeRegular obs:output 
2024-12-03_11:38:46 readOutputFile outputFile:../../analysis/crhm-analysis/output/weighed_tree_vector_based_baseline_ablation/2024-12-02-16-51-04_weighed_tree_vector_based_baseline_ablation_output.txt Timezone:Etc/GMT+6 
2024-12-03_11:38:47 makeRegular obs:output 
2024-12-03_11:38:47 readOutputFile outputFile:../../analysis/crhm-analysis/output/2024-11-28-18-13-13_scl_avg_closed_mixed_vector_based_new_ablation_psp_output.txt Timezone:Etc/GMT+6 
2024-12-03_15:47:23 makeRegular obs:output 
2024-12-03_15:47:23 readOutputFile outputFile:../../analysis/crhm-analysis/output/weighed_tree_vector_based_new_ablation_psp/2024-12-03-15-46-45_weighed_tree_vector_based_new_ablation_psp_output.txt Timezone:Etc/GMT+6 
2024-12-03_15:48:07 makeRegular obs:output 
2024-12-03_15:48:07 readOutputFile outputFile:../../analysis/crhm-analysis/output/weighed_tree_vector_based_new_ablation_psp/2024-12-03-15-46-45_weighed_tree_vector_based_new_ablation_psp_output.txt Timezone:Etc/GMT+6 
2024-12-03_15:51:56 makeRegular obs:output 
2024-12-03_15:51:56 readOutputFile outputFile:../../analysis/crhm-analysis/output/weighed_tree_vector_based_new_ablation_psp/2024-12-03-15-46-45_weighed_tree_vector_based_new_ablation_psp_output.txt Timezone:Etc/GMT+6 
2024-12-03_15:53:33 makeRegular obs:output 
2024-12-03_15:53:33 readOutputFile outputFile:../../analysis/crhm-analysis/output/weighed_tree_vector_based_new_ablation_psp/2024-12-03-15-46-45_weighed_tree_vector_based_new_ablation_psp_output.txt Timezone:Etc/GMT+6 
2024-12-03_16:00:06 makeRegular obs:output 
2024-12-03_16:00:06 readOutputFile outputFile:../../analysis/crhm-analysis/output/weighed_tree_vector_based_new_ablation_psp/2024-12-03-15-46-45_weighed_tree_vector_based_new_ablation_psp_output.txt Timezone:Etc/GMT+6 
2024-12-03_16:02:02 makeRegular obs:output 
2024-12-03_16:02:02 readOutputFile outputFile:../../analysis/crhm-analysis/output/weighed_tree_vector_based_new_ablation_psp/2024-12-03-15-46-45_weighed_tree_vector_based_new_ablation_psp_output.txt Timezone:Etc/GMT+6 
2024-12-03_16:32:54 makeRegular obs:output 
2024-12-03_16:32:54 readOutputFile outputFile:../../analysis/crhm-analysis/output/weighed_tree_vector_based_new_ablation_psp/2024-12-03-15-46-45_weighed_tree_vector_based_new_ablation_psp_output.txt Timezone:Etc/GMT+6 
2024-12-03_16:33:58 makeRegular obs:output 
2024-12-03_16:33:58 readOutputFile outputFile:../../analysis/crhm-analysis/output/weighed_tree_vector_based_new_ablation_psp/2024-12-03-15-46-45_weighed_tree_vector_based_new_ablation_psp_output.txt Timezone:Etc/GMT+6 
2024-12-03_16:47:46 makeRegular obs:output 
2024-12-03_16:47:46 readOutputFile outputFile:../../analysis/crhm-analysis/output/weighed_tree_vector_based_new_ablation_psp/2024-12-03-15-46-45_weighed_tree_vector_based_new_ablation_psp_output.txt Timezone:Etc/GMT+6 
2024-12-03_17:01:47 makeRegular obs:output 
2024-12-03_17:01:47 readOutputFile outputFile:../../analysis/crhm-analysis/output/weighed_tree_vector_based_new_ablation_psp/2024-12-02-10-04-04_weighed_tree_vector_based_new_ablation_psp_output.txt Timezone:Etc/GMT+6 
2024-12-03_17:03:10 makeRegular obs:output 
2024-12-03_17:03:10 readOutputFile outputFile:../../analysis/crhm-analysis/output/weighed_tree_vector_based_new_ablation_psp/2024-12-02-10-04-04_weighed_tree_vector_based_new_ablation_psp_output.txt Timezone:Etc/GMT+6 
2024-12-03_17:04:18 makeRegular obs:output 
2024-12-03_17:04:18 readOutputFile outputFile:../../analysis/crhm-analysis/output/weighed_tree_vector_based_new_ablation_psp/2024-12-02-10-04-04_weighed_tree_vector_based_new_ablation_psp_output.txt Timezone:Etc/GMT+6 
2024-12-03_17:06:24 makeRegular obs:output 
2024-12-03_17:06:24 readOutputFile outputFile:../../analysis/crhm-analysis/output/weighed_tree_vector_based_new_ablation_psp/2024-12-02-10-04-04_weighed_tree_vector_based_new_ablation_psp_output.txt Timezone:Etc/GMT+6 
2024-12-03_17:16:59 makeRegular obs:output 
2024-12-03_17:16:59 readOutputFile outputFile:../../analysis/crhm-analysis/output/weighed_tree_vector_based_new_ablation_psp/2024-12-02-10-04-04_weighed_tree_vector_based_new_ablation_psp_output.txt Timezone:Etc/GMT+6 
2024-12-03_17:27:10 makeRegular obs:output 
2024-12-03_17:27:10 readOutputFile outputFile:../../analysis/crhm-analysis/output/weighed_tree_vector_based_new_ablation_psp/2024-12-03-17-24-55_weighed_tree_vector_based_new_ablation_psp_output.txt Timezone:Etc/GMT+6 
2024-12-03_17:29:10 makeRegular obs:output 
2024-12-03_17:29:10 readOutputFile outputFile:../../analysis/crhm-analysis/output/weighed_tree_vector_based_new_ablation_psp/2024-12-03-17-24-55_weighed_tree_vector_based_new_ablation_psp_output.txt Timezone:Etc/GMT+6 
2024-12-03_17:29:51 makeRegular obs:output 
2024-12-03_17:29:51 readOutputFile outputFile:../../analysis/crhm-analysis/output/weighed_tree_vector_based_new_ablation_psp/2024-12-03-17-28-48_weighed_tree_vector_based_new_ablation_psp_output.txt Timezone:Etc/GMT+6 
2024-12-03_17:30:54 makeRegular obs:output 
2024-12-03_17:30:55 readOutputFile outputFile:../../analysis/crhm-analysis/output/weighed_tree_vector_based_new_ablation_psp/2024-12-03-17-28-48_weighed_tree_vector_based_new_ablation_psp_output.txt Timezone:Etc/GMT+6 
2024-12-03_17:31:52 makeRegular obs:output 
2024-12-03_17:31:52 readOutputFile outputFile:../../analysis/crhm-analysis/output/weighed_tree_vector_based_new_ablation_psp/2024-12-02-10-04-04_weighed_tree_vector_based_new_ablation_psp_output.txt Timezone:Etc/GMT+6 
2024-12-03_17:35:09 makeRegular obs:output 
2024-12-03_17:35:09 readOutputFile outputFile:../../analysis/crhm-analysis/output/weighed_tree_vector_based_new_ablation_psp/2024-12-03-17-28-48_weighed_tree_vector_based_new_ablation_psp_output.txt Timezone:Etc/GMT+6 
2024-12-03_17:35:34 makeRegular obs:output 
2024-12-03_17:35:34 readOutputFile outputFile:../../analysis/crhm-analysis/output/weighed_tree_vector_based_new_ablation_psp/2024-12-03-17-28-48_weighed_tree_vector_based_new_ablation_psp_output.txt Timezone:Etc/GMT+6 
2024-12-03_17:47:52 makeRegular obs:output 
2024-12-03_17:47:52 readOutputFile outputFile:../../analysis/crhm-analysis/output/weighed_tree_vector_based_new_ablation_psp/2024-12-03-17-28-48_weighed_tree_vector_based_new_ablation_psp_output.txt Timezone:Etc/GMT+6 
2024-12-04_10:49:45 makeRegular obs:output 
2024-12-04_10:49:45 readOutputFile outputFile:../../analysis/crhm-analysis/output/weighed_tree_vector_based_new_ablation_psp/2024-12-03-17-28-48_weighed_tree_vector_based_new_ablation_psp_output.txt Timezone:Etc/GMT+6 
2024-12-04_10:49:46 makeRegular obs:output 
2024-12-04_10:49:46 readOutputFile outputFile:../../analysis/crhm-analysis/output/weighed_tree_vector_based_baseline_ablation/2024-12-02-16-51-04_weighed_tree_vector_based_baseline_ablation_output.txt Timezone:Etc/GMT+6 
2024-12-04_10:49:48 makeRegular obs:output 
2024-12-04_10:49:48 readOutputFile outputFile:../../analysis/crhm-analysis/output/2024-11-28-18-13-13_scl_avg_closed_mixed_vector_based_new_ablation_psp_output.txt Timezone:Etc/GMT+6 
2024-12-04_10:49:50 makeRegular obs:obs 
2024-12-04_10:49:50 readObsFile obsFile:data/snow_survey/Powerline_obs_SWE_2013-23.obs datetype:Excel timezone:Etc/GMT+6 
2024-12-04_10:58:12 makeRegular obs:data 
2024-12-04_11:00:45 makeRegular obs:obs 
2024-12-04_11:00:45 readObsFile obsFile:data/snow_survey/Powerline_obs_SWE_2013-23.obs datetype:Excel timezone:Etc/GMT+6 
2024-12-04_11:00:51 makeRegular obs:output 
2024-12-04_11:00:51 readOutputFile outputFile:../../analysis/crhm-analysis/output/fortress_powerline_clearing_snowsurveytransect_baseline/2024-12-01-15-05-10_fortress_powerline_clearing_snowsurveytransect_baseline_output.txt Timezone:Etc/GMT+6 
2024-12-04_11:00:59 makeRegular obs:output 
2024-12-04_11:00:59 readOutputFile outputFile:../../analysis/crhm-analysis/output/fortress_powerline_clearing_snowsurveytransect_pspnew/2024-12-02-13-01-21_fortress_powerline_clearing_snowsurveytransect_pspnew_output.txt Timezone:Etc/GMT+6 
2024-12-04_11:04:10 makeRegular obs:output 
2024-12-04_11:04:10 readOutputFile outputFile:../../analysis/crhm-analysis/output/fortress_powerline_clearing_snowsurveytransect_pspnew/2024-12-02-13-01-21_fortress_powerline_clearing_snowsurveytransect_pspnew_output.txt Timezone:Etc/GMT+6 
2024-12-04_11:10:57 makeRegular obs:snow_scale 
2024-12-04_11:11:19 makeRegular obs:obs 
2024-12-04_11:11:19 readObsFile obsFile:data/snow_survey/Powerline_obs_SWE_2013-23.obs datetype:Excel timezone:Etc/GMT+6 
2024-12-04_11:11:29 makeRegular obs:snow_scale 
2024-12-04_14:26:32 makeRegular obs:output 
2024-12-04_14:26:33 readOutputFile outputFile:../../analysis/crhm-analysis/output/weighed_tree_vector_based_new_ablation_psp/2024-12-03-15-46-45_weighed_tree_vector_based_new_ablation_psp_output.txt Timezone:Etc/GMT+6 
2024-12-04_14:27:43 makeRegular obs:output 
2024-12-04_14:27:43 readOutputFile outputFile:../../analysis/crhm-analysis/output/weighed_tree_vector_based_new_ablation_psp/2024-12-03-15-46-45_weighed_tree_vector_based_new_ablation_psp_output.txt Timezone:Etc/GMT+6 
2024-12-04_14:35:24 makeRegular obs:obs 
2024-12-04_14:35:24 readObsFile obsFile:data/snow_survey/Powerline_obs_SWE_2013-23.obs datetype:Excel timezone:Etc/GMT+6 
2024-12-04_14:35:27 makeRegular obs:snow_scale 
2024-12-04_14:35:28 makeRegular obs:output 
2024-12-04_14:35:28 readOutputFile outputFile:../../analysis/crhm-analysis/output/fortress_powerline_clearing_snowsurveytransect_pspnew/2024-12-02-13-01-21_fortress_powerline_clearing_snowsurveytransect_pspnew_output.txt Timezone:Etc/GMT+6 
2024-12-04_14:35:30 makeRegular obs:output 
2024-12-04_14:35:30 readOutputFile outputFile:../../analysis/crhm-analysis/output/fortress_powerline_clearing_snowsurveytransect_pspnew/2024-12-02-13-01-21_fortress_powerline_clearing_snowsurveytransect_pspnew_output.txt Timezone:Etc/GMT+6 
2024-12-04_14:39:04 makeRegular obs:output 
2024-12-04_14:39:04 readOutputFile outputFile:../../analysis/crhm-analysis/output//fortress_powerline_clearing_snowsurveytransect_baseline/2024-12-01-15-05-10_fortress_powerline_clearing_snowsurveytransect_baseline_output.txt Timezone:Etc/GMT+6 
2024-12-04_14:39:07 makeRegular obs:output 
2024-12-04_14:39:07 readOutputFile outputFile:../../analysis/crhm-analysis/output/fortress_powerline_clearing_snowsurveytransect_pspnew/2024-12-02-13-01-21_fortress_powerline_clearing_snowsurveytransect_pspnew_output.txt Timezone:Etc/GMT+6 
2024-12-04_14:47:47 makeRegular obs:output 
2024-12-04_14:47:47 readOutputFile outputFile:../../analysis/crhm-analysis/output/weighed_tree_vector_based_new_ablation_psp/2024-12-03-15-46-45_weighed_tree_vector_based_new_ablation_psp_output.txt Timezone:Etc/GMT+6 
2024-12-04_14:58:04 makeRegular obs:output 
2024-12-04_14:58:04 readOutputFile outputFile:../../analysis/crhm-analysis/output/weighed_tree_vector_based_new_ablation_psp/2024-12-03-17-28-48_weighed_tree_vector_based_new_ablation_psp_output.txt Timezone:Etc/GMT+6 
2024-12-04_15:01:37 makeRegular obs:output 
2024-12-04_15:01:37 readOutputFile outputFile:../../analysis/crhm-analysis/output/weighed_tree_vector_based_new_ablation_psp/2024-12-03-17-28-48_weighed_tree_vector_based_new_ablation_psp_output.txt Timezone:Etc/GMT+6 
2024-12-04_15:07:00 makeRegular obs:output 
2024-12-04_15:07:00 readOutputFile outputFile:../../analysis/crhm-analysis/output/weighed_tree_vector_based_new_ablation_psp/2024-12-03-17-28-48_weighed_tree_vector_based_new_ablation_psp_output.txt Timezone:Etc/GMT+6 
2024-12-04_15:08:52 makeRegular obs:output 
2024-12-04_15:08:52 readOutputFile outputFile:../../analysis/crhm-analysis/output/weighed_tree_vector_based_new_ablation_psp/2024-12-03-17-28-48_weighed_tree_vector_based_new_ablation_psp_output.txt Timezone:Etc/GMT+6 
2024-12-04_15:10:27 makeRegular obs:output 
2024-12-04_15:10:27 readOutputFile outputFile:../../analysis/crhm-analysis/output/weighed_tree_vector_based_new_ablation_psp/2024-12-03-17-28-48_weighed_tree_vector_based_new_ablation_psp_output.txt Timezone:Etc/GMT+6 
2024-12-04_15:37:34 makeRegular obs:output 
2024-12-04_15:37:34 readOutputFile outputFile:../../analysis/crhm-analysis/output/weighed_tree_vector_based_new_ablation_psp/2024-12-03-17-28-48_weighed_tree_vector_based_new_ablation_psp_output.txt Timezone:Etc/GMT+6 
2024-12-04_15:39:31 makeRegular obs:output 
2024-12-04_15:39:31 readOutputFile outputFile:../../analysis/crhm-analysis/output/weighed_tree_vector_based_new_ablation_psp/2024-12-03-17-28-48_weighed_tree_vector_based_new_ablation_psp_output.txt Timezone:Etc/GMT+6 
2024-12-04_15:45:01 makeRegular obs:output 
2024-12-04_15:45:01 readOutputFile outputFile:../../analysis/crhm-analysis/output/weighed_tree_vector_based_new_ablation_psp/2024-12-03-15-46-45_weighed_tree_vector_based_new_ablation_psp_output.txt Timezone:Etc/GMT+6 
2024-12-04_15:47:37 makeRegular obs:output 
2024-12-04_15:47:37 readOutputFile outputFile:../../analysis/crhm-analysis/output/weighed_tree_vector_based_new_ablation_psp/2024-12-03-15-46-45_weighed_tree_vector_based_new_ablation_psp_output.txt Timezone:Etc/GMT+6 
2024-12-04_16:06:41 makeRegular obs:output 
2024-12-04_16:06:41 readOutputFile outputFile:../../analysis/crhm-analysis/output/weighed_tree_vector_based_new_ablation_psp/2024-12-03-17-28-48_weighed_tree_vector_based_new_ablation_psp_output.txt Timezone:Etc/GMT+6 
2024-12-04_16:09:10 makeRegular obs:output 
2024-12-04_16:09:10 readOutputFile outputFile:../../analysis/crhm-analysis/output/weighed_tree_vector_based_new_ablation_psp/2024-12-03-17-28-48_weighed_tree_vector_based_new_ablation_psp_output.txt Timezone:Etc/GMT+6 
2024-12-04_16:15:26 makeRegular obs:output 
2024-12-04_16:15:26 readOutputFile outputFile:../../analysis/crhm-analysis/output/weighed_tree_vector_based_new_ablation_psp/2024-12-03-17-28-48_weighed_tree_vector_based_new_ablation_psp_output.txt Timezone:Etc/GMT+6 
2024-12-04_16:18:07 makeRegular obs:output 
2024-12-04_16:18:08 readOutputFile outputFile:../../analysis/crhm-analysis/output/weighed_tree_vector_based_new_ablation_psp/2024-12-02-10-04-04_weighed_tree_vector_based_new_ablation_psp_output.txt Timezone:Etc/GMT+6 
2024-12-04_16:18:14 makeRegular obs:output 
2024-12-04_16:18:14 readOutputFile outputFile:../../analysis/crhm-analysis/output/weighed_tree_vector_based_new_ablation_psp/2024-12-02-10-04-04_weighed_tree_vector_based_new_ablation_psp_output.txt Timezone:Etc/GMT+6 
2024-12-04_16:19:45 makeRegular obs:output 
2024-12-04_16:19:45 readOutputFile outputFile:../../analysis/crhm-analysis/output/weighed_tree_vector_based_new_ablation_psp/2024-12-03-17-28-48_weighed_tree_vector_based_new_ablation_psp_output.txt Timezone:Etc/GMT+6 
2024-12-04_16:20:05 makeRegular obs:output 
2024-12-04_16:20:05 readOutputFile outputFile:../../analysis/crhm-analysis/output/weighed_tree_vector_based_new_ablation_psp/2024-12-03-17-28-48_weighed_tree_vector_based_new_ablation_psp_output.txt Timezone:Etc/GMT+6 
2024-12-04_16:20:07 makeRegular obs:output 
2024-12-04_16:20:07 readOutputFile outputFile:../../analysis/crhm-analysis/output/weighed_tree_vector_based_new_ablation_psp/2024-12-02-10-04-04_weighed_tree_vector_based_new_ablation_psp_output.txt Timezone:Etc/GMT+6 
2024-12-04_16:55:08 makeRegular obs:output 
2024-12-04_16:55:08 readOutputFile outputFile:../../analysis/crhm-analysis/output/weighed_tree_vector_based_new_ablation_psp/2024-12-03-17-28-48_weighed_tree_vector_based_new_ablation_psp_output.txt Timezone:Etc/GMT+6 
2024-12-04_16:55:10 makeRegular obs:output 
2024-12-04_16:55:10 readOutputFile outputFile:../../analysis/crhm-analysis/output/weighed_tree_vector_based_baseline_ablation/2024-12-02-16-51-04_weighed_tree_vector_based_baseline_ablation_output.txt Timezone:Etc/GMT+6 
2024-12-04_16:55:11 makeRegular obs:output 
2024-12-04_16:55:11 readOutputFile outputFile:../../analysis/crhm-analysis/output/2024-11-28-18-13-13_scl_avg_closed_mixed_vector_based_new_ablation_psp_output.txt Timezone:Etc/GMT+6 
2024-12-05_14:24:39 makeRegular obs:output 
2024-12-05_14:24:39 readOutputFile outputFile:../../analysis/crhm-analysis/output/weighed_tree_vector_based_new_ablation_psp/2024-12-03-17-28-48_weighed_tree_vector_based_new_ablation_psp_output.txt Timezone:Etc/GMT+6 
2024-12-05_14:24:40 makeRegular obs:output 
2024-12-05_14:24:41 readOutputFile outputFile:../../analysis/crhm-analysis/output/weighed_tree_vector_based_baseline_ablation/2024-12-02-16-51-04_weighed_tree_vector_based_baseline_ablation_output.txt Timezone:Etc/GMT+6 
2024-12-05_14:24:42 makeRegular obs:output 
2024-12-05_14:24:42 readOutputFile outputFile:../../analysis/crhm-analysis/output/2024-11-28-18-13-13_scl_avg_closed_mixed_vector_based_new_ablation_psp_output.txt Timezone:Etc/GMT+6 
2024-12-05_14:25:00 makeRegular obs:output 
2024-12-05_14:25:00 readOutputFile outputFile:../../analysis/crhm-analysis/output/weighed_tree_vector_based_new_ablation_psp/2024-12-02-10-04-04_weighed_tree_vector_based_new_ablation_psp_output.txt Timezone:Etc/GMT+6 
2024-12-05_15:22:59 makeRegular obs:output 
2024-12-05_15:22:59 readOutputFile outputFile:../../analysis/crhm-analysis/output/weighed_tree_vector_based_new_ablation_psp/2024-12-03-17-28-48_weighed_tree_vector_based_new_ablation_psp_output.txt Timezone:Etc/GMT+6 
2024-12-05_15:23:01 makeRegular obs:output 
2024-12-05_15:23:01 readOutputFile outputFile:../../analysis/crhm-analysis/output/weighed_tree_vector_based_new_ablation_psp/2024-12-02-10-04-04_weighed_tree_vector_based_new_ablation_psp_output.txt Timezone:Etc/GMT+6 
2024-12-06_10:00:35 makeRegular obs:output 
2024-12-06_10:00:36 readOutputFile outputFile:../../analysis/crhm-analysis/output/weighed_tree_vector_based_new_ablation_psp/2024-12-03-17-28-48_weighed_tree_vector_based_new_ablation_psp_output.txt Timezone:Etc/GMT+6 
2024-12-06_10:00:37 makeRegular obs:output 
2024-12-06_10:00:37 readOutputFile outputFile:../../analysis/crhm-analysis/output/weighed_tree_vector_based_baseline_ablation/2024-12-02-16-51-04_weighed_tree_vector_based_baseline_ablation_output.txt Timezone:Etc/GMT+6 
2024-12-06_10:00:39 makeRegular obs:output 
2024-12-06_10:00:39 readOutputFile outputFile:../../analysis/crhm-analysis/output/2024-11-28-18-13-13_scl_avg_closed_mixed_vector_based_new_ablation_psp_output.txt Timezone:Etc/GMT+6 
2024-12-06_17:33:18 makeRegular obs:output 
2024-12-06_17:33:18 readOutputFile outputFile:../../analysis/crhm-analysis/output/weighed_tree_vector_based_new_ablation_psp/2024-12-03-17-28-48_weighed_tree_vector_based_new_ablation_psp_output.txt Timezone:Etc/GMT+6 
2024-12-06_17:33:20 makeRegular obs:output 
2024-12-06_17:33:20 readOutputFile outputFile:../../analysis/crhm-analysis/output/weighed_tree_vector_based_baseline_ablation/2024-12-02-16-51-04_weighed_tree_vector_based_baseline_ablation_output.txt Timezone:Etc/GMT+6 
2024-12-06_17:33:21 makeRegular obs:output 
2024-12-06_17:33:21 readOutputFile outputFile:../../analysis/crhm-analysis/output/2024-11-28-18-13-13_scl_avg_closed_mixed_vector_based_new_ablation_psp_output.txt Timezone:Etc/GMT+6 
2024-12-06_17:33:38 makeRegular obs:output 
2024-12-06_17:33:38 readOutputFile outputFile:../../analysis/crhm-analysis/output/weighed_tree_vector_based_new_ablation_psp/2024-12-03-15-46-45_weighed_tree_vector_based_new_ablation_psp_output.txt Timezone:Etc/GMT+6 
2024-12-06_18:59:04 makeRegular obs:output 
2024-12-06_18:59:05 readOutputFile outputFile:../../analysis/crhm-analysis/output/weighed_tree_vector_based_new_ablation_psp/2024-12-03-17-28-48_weighed_tree_vector_based_new_ablation_psp_output.txt Timezone:Etc/GMT+6 
2024-12-06_18:59:07 makeRegular obs:output 
2024-12-06_18:59:07 readOutputFile outputFile:../../analysis/crhm-analysis/output/weighed_tree_vector_based_baseline_ablation/2024-12-02-16-51-04_weighed_tree_vector_based_baseline_ablation_output.txt Timezone:Etc/GMT+6 
2024-12-06_18:59:07 makeRegular obs:output 
2024-12-06_18:59:08 readOutputFile outputFile:../../analysis/crhm-analysis/output/2024-11-28-18-13-13_scl_avg_closed_mixed_vector_based_new_ablation_psp_output.txt Timezone:Etc/GMT+6 
2024-12-06_19:17:46 makeRegular obs:output 
2024-12-06_19:17:46 readOutputFile outputFile:../../analysis/crhm-analysis/output/weighed_tree_vector_based_new_ablation_psp/2024-12-03-17-28-48_weighed_tree_vector_based_new_ablation_psp_output.txt Timezone:Etc/GMT+6 
2024-12-06_19:17:48 makeRegular obs:output 
2024-12-06_19:17:48 readOutputFile outputFile:../../analysis/crhm-analysis/output/weighed_tree_vector_based_new_ablation_psp/2024-12-02-10-04-04_weighed_tree_vector_based_new_ablation_psp_output.txt Timezone:Etc/GMT+6 
